The following modules were not unloaded:
  (Use "module --force purge" to unload all):

  1) CCconfig         4) imkl/2020.1.217    7) libfabric/1.10.1
  2) gentoo/2020      5) intel/2020.1.217   8) openmpi/4.0.3
  3) gcccore/.9.3.0   6) ucx/1.8.0          9) StdEnv/2020

Lmod is automatically replacing "intel/2020.1.217" with "gcc/9.3.0".


Due to MODULEPATH changes, the following have been reloaded:
  1) libfabric/1.10.1     2) openmpi/4.0.3     3) ucx/1.8.0

The environment has already been set by the module.
Not making any changes.
Cannot open file (ligand_files/GGP.mol2) with mode (r).
No such file or directory
/localscratch/spool/slurmd/job16366990/slurm_script: line 11: cd: Prep_environment: No such file or directory
-I: Adding /cvmfs/restricted.computecanada.ca/easybuild/software/2020/avx2/MPI/gcc9/cuda11.4/openmpi4/amber/20.12-20.15/dat/leap/prep to search path.
-I: Adding /cvmfs/restricted.computecanada.ca/easybuild/software/2020/avx2/MPI/gcc9/cuda11.4/openmpi4/amber/20.12-20.15/dat/leap/lib to search path.
-I: Adding /cvmfs/restricted.computecanada.ca/easybuild/software/2020/avx2/MPI/gcc9/cuda11.4/openmpi4/amber/20.12-20.15/dat/leap/parm to search path.
-I: Adding /cvmfs/restricted.computecanada.ca/easybuild/software/2020/avx2/MPI/gcc9/cuda11.4/openmpi4/amber/20.12-20.15/dat/leap/cmd to search path.
-f: Source GGP.in.

Welcome to LEaP!
(no leaprc in search path)

Error: Could not open file GGP.in: not found
-I: Adding /cvmfs/restricted.computecanada.ca/easybuild/software/2020/avx2/MPI/gcc9/cuda11.4/openmpi4/amber/20.12-20.15/dat/leap/prep to search path.
-I: Adding /cvmfs/restricted.computecanada.ca/easybuild/software/2020/avx2/MPI/gcc9/cuda11.4/openmpi4/amber/20.12-20.15/dat/leap/lib to search path.
-I: Adding /cvmfs/restricted.computecanada.ca/easybuild/software/2020/avx2/MPI/gcc9/cuda11.4/openmpi4/amber/20.12-20.15/dat/leap/parm to search path.
-I: Adding /cvmfs/restricted.computecanada.ca/easybuild/software/2020/avx2/MPI/gcc9/cuda11.4/openmpi4/amber/20.12-20.15/dat/leap/cmd to search path.
-f: Source complex.in.

Welcome to LEaP!
(no leaprc in search path)

Error: Could not open file complex.in: not found
Error: 'TXS-GGPP.prmtop': No such file or directory
